02/26/2026 02:56:49 PM - INFO - Running metrics_lu_standalone.py with args Namespace(horizon_year=2050, no_interpolate=False, only='growth', rtp='RTP2025', test=True, use_distinct_initial_year_data=False)
02/26/2026 02:56:49 PM - INFO -     MODEL_RUNS_DIR: M:\urban_modeling\baus\PBA50Plus
02/26/2026 02:56:49 PM - INFO -        METRICS_DIR: C:\Users\ywang\Box\Plan Bay Area 2050+\Performance and Equity\Plan Performance\Equity_Performance_Metrics\Final_Blueprint
02/26/2026 02:56:49 PM - INFO - RUN_INVENTORY_FILE: C:\Users\ywang\Box\Plan Bay Area 2050+\Performance and Equity\Plan Performance\Equity_Performance_Metrics\Final_Blueprint\metrics_input_files\PBA50Plus_model_run_inventory.csv
02/26/2026 02:56:49 PM - INFO -        OUTPUT_PATH: .
02/26/2026 02:56:49 PM - INFO - model_runs_df:
                          alias  description                                          directory   use          variant
0                       DBP May          NaN  PBA50Plus_DraftBlueprint/PBA50Plus_Draft_Bluep...  True  Draft Blueprint
1                    No Project          NaN        PBA50Plus_NoProject/PBA50Plus_NoProject_v38  True       No Project
2                           FBP          NaN  PBA50Plus_FinalBlueprint/PBA50Plus_Final_Bluep...  True  Final Blueprint
3                 FBP Exog test          NaN  PBA50Plus_FinalBlueprint/PBA50Plus_Final_Bluep...  True  Final Blueprint
4         FBP No Hsg Strategies          NaN  PBA50Plus_FinalBlueprint/PBA50Plus_Final_Bluep...  True  Final Blueprint
5  FBP No Hsg Strategies No UBI          NaN  PBA50Plus_FinalBlueprint/PBA50Plus_Final_Bluep...  True  Final Blueprint
6                      EIR Alt1          NaN  PBA50Plus_FinalBlueprint/PBA50Plus_Final_Bluep...  True         EIR Alt1
7                      EIR Alt2          NaN           PBA50Plus_EIR/PBA50Plus_EIR_Alt2_Var4_v1  True         EIR Alt2
02/26/2026 02:56:49 PM - INFO - Preparing to use RTP2025 No Project initial year data for all model runs
02/26/2026 02:56:49 PM - INFO - Processing run modelrun_alias:[No Project] modelrun_id:[PBA50Plus_NoProject/PBA50Plus_NoProject_v38] run_directory_path:M:\urban_modeling\baus\PBA50Plus\PBA50Plus_NoProject\PBA50Plus_NoProject_v38
02/26/2026 02:57:39 PM - INFO -   Read 1,956,208 rows from crosswalk M:\urban_modeling\baus\BAUS Inputs\basis_inputs\crosswalks\2020_08_17_parcel_to_taz1454sub.csv
02/26/2026 02:57:39 PM - INFO -   Read 1,454 rows from crosswalk M:\urban_modeling\baus\BAUS Inputs\basis_inputs\crosswalks\taz_geography.csv
02/26/2026 02:58:34 PM - INFO -   Read 1,956,208 rows from legacy gg crosswalk for select fields M:\urban_modeling\baus\BAUS Inputs\basis_inputs\crosswalks\parcels_geography_2024_02_14.csv
02/26/2026 02:59:01 PM - INFO -   Read 1,956,207 rows from crosswalk M:\urban_modeling\baus\BAUS Inputs\basis_inputs\crosswalks\fbp_urbansim_parcel_classes_ot50pct_feb25_rwc_update_2025.csv
02/26/2026 03:00:31 PM - INFO -   Read 1,956,208 rows from crosswalk M:\urban_modeling\baus\BAUS Inputs\basis_inputs\crosswalks\2021_02_25_parcels_geography.csv
02/26/2026 03:01:00 PM - INFO -   Read 1,956,207 rows from crosswalk M:\urban_modeling\baus\BAUS Inputs\basis_inputs\crosswalks\p10_parcels_to_2020_urban_areas.csv
02/26/2026 03:01:03 PM - INFO -   Read 1,956,208 rows from crosswalk C:\Users\ywang\Box\Modeling and Surveys\Urban Modeling\Spatial\transit\transit_service_levels\update_2025\outputs\parcels10_x_high_quality_stop_buffer.csv
02/26/2026 03:01:34 PM - INFO -   Read 1,956,207 rows from crosswalk M:\urban_modeling\baus\BAUS Inputs\basis_inputs\crosswalks\p10_census.csv
02/26/2026 03:01:34 PM - INFO -   len(rtp2025_tract_crosswalk_df.tract10.unique()): 1,584  parcels with null tract10: 0
02/26/2026 03:01:34 PM - INFO -   len(rtp2025_tract_crosswalk_df.tract20.unique()): 1,768  parcels with null tract20: 0
02/26/2026 03:01:35 PM - INFO -   Read 1,772 rows from crosswalk https://raw.githubusercontent.com/BayAreaMetro/Spatial-Analysis-Mapping-Projects/master/Project-Documentation/Equity-Priority-Communities/Data/epc_acs2022.csv
02/26/2026 03:01:35 PM - INFO -   len(tract_epc22_df.tract20.unique()): 1,772
02/26/2026 03:01:36 PM - INFO -   Read 1,588 rows from crosswalk C:\Users\ywang\Box\Plan Bay Area 2050+\Performance and Equity\Plan Performance\Equity_Performance_Metrics\Final_Blueprint\metrics_input_files\COCs_ACS2018_tbl_TEMP.csv
02/26/2026 03:01:37 PM - INFO -   Read 1,772 rows from crosswalk C:\Users\ywang\Box\Plan Bay Area 2050+\Performance and Equity\Plan Performance\Equity_Performance_Metrics\Final_Blueprint\metrics_input_files\tract20_ggPBA50plus_2024_02_29.csv
02/26/2026 03:01:39 PM - INFO -   Read 1,772 rows from crosswalk C:\Users\ywang\Box\Plan Bay Area 2050+\Performance and Equity\Plan Performance\Equity_Performance_Metrics\Final_Blueprint\metrics_input_files\tract20_ggtraPBA50plus_2024_02_29.csv
02/26/2026 03:01:40 PM - INFO -   Read 1,772 rows from crosswalk C:\Users\ywang\Box\Plan Bay Area 2050+\Performance and Equity\Plan Performance\Equity_Performance_Metrics\Final_Blueprint\metrics_input_files\tract20_hraPBA50plus_2024_02_29.csv
02/26/2026 03:01:41 PM - INFO -   Read 2,131 rows from crosswalk C:\Users\ywang\Box\Plan Bay Area 2050+\Performance and Equity\Plan Performance\Equity_Performance_Metrics\Final_Blueprint\metrics_input_files\udp_2017results.csv
02/26/2026 03:01:43 PM - INFO -   Read 1,454 rows from crosswalk C:\Users\ywang\Box\Plan Bay Area 2050+\Performance and Equity\Plan Performance\Equity_Performance_Metrics\Final_Blueprint\metrics_input_files\taz1454_epcPBA50plus_2024_02_29.csv
02/26/2026 03:01:44 PM - INFO -   Read 1,454 rows from crosswalk C:\Users\ywang\Box\Plan Bay Area 2050+\Performance and Equity\Plan Performance\Equity_Performance_Metrics\Final_Blueprint\metrics_input_files\TAZ1454_tract2010_crosswalk.csv
02/26/2026 03:01:45 PM - INFO -   Read 1,454 rows from taz areatype crosswalk C:\Users\ywang\Box\Plan Bay Area 2050+\Performance and Equity\Plan Performance\Equity_Performance_Metrics\Final_Blueprint\metrics_input_files\taz_urban_suburban.csv
02/26/2026 03:01:49 PM - INFO -   Read 6,081 rows from crosswalk C:\Users\ywang\Box\Plan Bay Area 2050+\Performance and Equity\Plan Performance\Equity_Performance_Metrics\Final_Blueprint\metrics_input_files\urbansim_slr_no_project_MAR2025.csv
02/26/2026 03:01:50 PM - INFO -   Read 19,309 rows from crosswalk C:\Users\ywang\Box\Plan Bay Area 2050+\Performance and Equity\Plan Performance\Equity_Performance_Metrics\Final_Blueprint\metrics_input_files\slr_parcel_inundation_PBA50Plus_DBP.csv
02/26/2026 03:01:51 PM - INFO -   Read 6,093 rows from crosswalk C:\Users\ywang\Box\Plan Bay Area 2050+\Performance and Equity\Plan Performance\Equity_Performance_Metrics\Final_Blueprint\metrics_input_files\urbansim_slr_MAR2025.csv
02/26/2026 03:01:51 PM - INFO -   Read 6,093 rows from crosswalk C:\Users\ywang\Box\Plan Bay Area 2050+\Performance and Equity\Plan Performance\Equity_Performance_Metrics\Final_Blueprint\metrics_input_files\urbansim_slr_MAR2025.csv
02/26/2026 03:03:25 PM - INFO -   Read 1,956,212 rows from parcel file M:\urban_modeling\baus\PBA50Plus\PBA50Plus_NoProject\PBA50Plus_NoProject_v38\core_summaries\PBA50Plus_NoProject_v38_parcel_summary_2020.csv
02/26/2026 03:05:11 PM - INFO -   Read 1,956,212 rows from parcel file M:\urban_modeling\baus\PBA50Plus\PBA50Plus_NoProject\PBA50Plus_NoProject_v38\core_summaries\PBA50Plus_NoProject_v38_parcel_summary_2025.csv
02/26/2026 03:06:47 PM - INFO -   Read 1,956,212 rows from parcel file M:\urban_modeling\baus\PBA50Plus\PBA50Plus_NoProject\PBA50Plus_NoProject_v38\core_summaries\PBA50Plus_NoProject_v38_parcel_summary_2050.csv
02/26/2026 03:07:21 PM - INFO -   Read 9 rows from geography summary M:\urban_modeling\baus\PBA50Plus\PBA50Plus_NoProject\PBA50Plus_NoProject_v38\geographic_summaries\PBA50Plus_NoProject_v38_county_summary_2020.csv
02/26/2026 03:07:21 PM - INFO -   Read 9 rows from geography summary M:\urban_modeling\baus\PBA50Plus\PBA50Plus_NoProject\PBA50Plus_NoProject_v38\geographic_summaries\PBA50Plus_NoProject_v38_county_summary_2025.csv
02/26/2026 03:07:21 PM - INFO -   Read 9 rows from geography summary M:\urban_modeling\baus\PBA50Plus\PBA50Plus_NoProject\PBA50Plus_NoProject_v38\geographic_summaries\PBA50Plus_NoProject_v38_county_summary_2050.csv
02/26/2026 03:07:22 PM - INFO -   Read 1,454 rows from taz summary M:\urban_modeling\baus\PBA50Plus\PBA50Plus_NoProject\PBA50Plus_NoProject_v38\travel_model_summaries\PBA50Plus_NoProject_v38_taz1_summary_2020.csv
02/26/2026 03:07:23 PM - INFO -   Read 1,454 rows from taz interim summary M:\urban_modeling\baus\PBA50Plus\PBA50Plus_NoProject\PBA50Plus_NoProject_v38\core_summaries\PBA50Plus_NoProject_v38_interim_zone_output_2020.csv
02/26/2026 03:07:23 PM - INFO -   Read 1,454 rows from taz summary M:\urban_modeling\baus\PBA50Plus\PBA50Plus_NoProject\PBA50Plus_NoProject_v38\travel_model_summaries\PBA50Plus_NoProject_v38_taz1_summary_2025.csv
02/26/2026 03:07:24 PM - INFO -   Read 1,454 rows from taz interim summary M:\urban_modeling\baus\PBA50Plus\PBA50Plus_NoProject\PBA50Plus_NoProject_v38\core_summaries\PBA50Plus_NoProject_v38_interim_zone_output_2025.csv
02/26/2026 03:07:24 PM - INFO -   Read 1,454 rows from taz summary M:\urban_modeling\baus\PBA50Plus\PBA50Plus_NoProject\PBA50Plus_NoProject_v38\travel_model_summaries\PBA50Plus_NoProject_v38_taz1_summary_2050.csv
02/26/2026 03:07:24 PM - INFO -   Read 1,454 rows from taz interim summary M:\urban_modeling\baus\PBA50Plus\PBA50Plus_NoProject\PBA50Plus_NoProject_v38\core_summaries\PBA50Plus_NoProject_v38_interim_zone_output_2050.csv
02/26/2026 03:07:24 PM - INFO - Interpolating to 2023 base year
02/26/2026 03:07:28 PM - INFO - Deleting 2020 and 2025 data
02/26/2026 03:07:29 PM - INFO - Calculating growth_patterns_geography
02/26/2026 03:07:38 PM - INFO - Wrote 34 lines to metrics_growthPattern_geographies_2050.csv
02/26/2026 03:07:38 PM - INFO - Calculating growth_patterns_county_jurisdiction
02/26/2026 03:07:38 PM - INFO - Wrote 18 lines to metrics_growthPattern_county_2050.csv
02/26/2026 03:07:39 PM - INFO - Wrote 218 lines to metrics_growthPattern_jurisdiction_2050.csv
02/26/2026 03:07:39 PM - INFO - Wrote 68 lines to metrics_growthPattern_superdistrict_2050.csv
02/26/2026 03:07:39 PM - INFO - Calculating office space summaries - from zone level data
02/26/2026 03:07:39 PM - INFO -   Summarizing for 2023 county
02/26/2026 03:07:39 PM - INFO -   Summarizing for 2050 county
02/26/2026 03:07:39 PM - INFO - Wrote 20 lines to metrics_growthPattern_office_data_interim_county.csv
02/26/2026 03:07:39 PM - INFO -   Summarizing for 2023 superdistrict
02/26/2026 03:07:39 PM - INFO -   Summarizing for 2050 superdistrict
02/26/2026 03:07:39 PM - INFO - Wrote 70 lines to metrics_growthPattern_office_data_interim_superdistrict.csv
02/26/2026 03:07:39 PM - INFO - Calculating office space summaries - from building level data
02/26/2026 03:07:39 PM - INFO -   Processing 2023...
02/26/2026 03:07:39 PM - INFO -   Reading buildings_output_summary from M:\urban_modeling\baus\PBA50Plus\PBA50Plus_NoProject\PBA50Plus_NoProject_v38\core_summaries\PBA50Plus_NoProject_v38_building_summary_2020.csv...
02/26/2026 03:08:16 PM - INFO -   Reading buildings_output_summary from M:\urban_modeling\baus\PBA50Plus\PBA50Plus_NoProject\PBA50Plus_NoProject_v38\core_summaries\PBA50Plus_NoProject_v38_building_summary_2025.csv...
02/26/2026 03:08:43 PM - INFO -   Interpolating buildings 2020 and 2025 to 2023...
02/26/2026 03:08:44 PM - INFO -   36255 office buildings
02/26/2026 03:08:45 PM - INFO -   Processing HRA...
02/26/2026 03:08:45 PM - INFO -   Processing TRA...
02/26/2026 03:08:46 PM - INFO -   Processing HRAandTRA...
02/26/2026 03:08:46 PM - INFO -   Processing GG...
02/26/2026 03:08:46 PM - INFO -   Processing nonGG...
02/26/2026 03:08:47 PM - INFO -   Processing PBA50GG...
02/26/2026 03:08:47 PM - INFO -   Processing PBA50nonGG...
02/26/2026 03:08:47 PM - INFO -   Processing GG_nonPDA...
02/26/2026 03:08:48 PM - INFO -   Processing PDA...
02/26/2026 03:08:48 PM - INFO -   Processing EPC_18...
02/26/2026 03:08:48 PM - INFO -   Processing nonEPC_18...
02/26/2026 03:08:49 PM - INFO -   Processing EPC_22...
02/26/2026 03:08:49 PM - INFO -   Processing nonEPC_22...
02/26/2026 03:08:49 PM - INFO -   Processing PPA...
02/26/2026 03:08:50 PM - INFO -   Processing Region...
02/26/2026 03:08:50 PM - INFO -   Processing TOC...
02/26/2026 03:08:50 PM - INFO -   Processing nonTOC...
02/26/2026 03:08:51 PM - INFO -   Processing 2050...
02/26/2026 03:08:51 PM - INFO -   Reading buildings_output_summary from M:\urban_modeling\baus\PBA50Plus\PBA50Plus_NoProject\PBA50Plus_NoProject_v38\core_summaries\PBA50Plus_NoProject_v38_building_summary_2050.csv...
02/26/2026 03:09:24 PM - INFO -   34555 office buildings
02/26/2026 03:09:25 PM - INFO -   Processing HRA...
02/26/2026 03:09:25 PM - INFO -   Processing TRA...
02/26/2026 03:09:26 PM - INFO -   Processing HRAandTRA...
02/26/2026 03:09:26 PM - INFO -   Processing GG...
02/26/2026 03:09:26 PM - INFO -   Processing nonGG...
02/26/2026 03:09:27 PM - INFO -   Processing PBA50GG...
02/26/2026 03:09:27 PM - INFO -   Processing PBA50nonGG...
02/26/2026 03:09:28 PM - INFO -   Processing GG_nonPDA...
02/26/2026 03:09:28 PM - INFO -   Processing PDA...
02/26/2026 03:09:28 PM - INFO -   Processing EPC_18...
02/26/2026 03:09:28 PM - INFO -   Processing nonEPC_18...
02/26/2026 03:09:29 PM - INFO -   Processing EPC_22...
02/26/2026 03:09:29 PM - INFO -   Processing nonEPC_22...
02/26/2026 03:09:30 PM - INFO -   Processing PPA...
02/26/2026 03:09:30 PM - INFO -   Processing Region...
02/26/2026 03:09:30 PM - INFO -   Processing TOC...
02/26/2026 03:09:30 PM - INFO -   Processing nonTOC...
02/26/2026 03:09:31 PM - INFO - Wrote 92 lines to metrics_growthPattern_office_data_buildings_cnty_sd.csv
02/26/2026 03:09:31 PM - INFO - Wrote 34 lines to metrics_growthPattern_office_data_buildings_misc_geos.csv
02/26/2026 03:09:31 PM - INFO - Processing run modelrun_alias:[Draft Blueprint] modelrun_id:[PBA50Plus_DraftBlueprint/PBA50Plus_Draft_Blueprint_v8_znupd_nodevfix] run_directory_path:M:\urban_modeling\baus\PBA50Plus\PBA50Plus_DraftBlueprint\PBA50Plus_Draft_Blueprint_v8_znupd_nodevfix
02/26/2026 03:09:31 PM - INFO - Skipping 2020 and 2025 data because we're reusing the No Project base year data
02/26/2026 03:10:33 PM - INFO -   Read 1,956,212 rows from parcel file M:\urban_modeling\baus\PBA50Plus\PBA50Plus_DraftBlueprint\PBA50Plus_Draft_Blueprint_v8_znupd_nodevfix\core_summaries\PBA50Plus_Draft_Blueprint_v8_znupd_nodevfix_parcel_summary_2050.csv
02/26/2026 03:11:06 PM - INFO -   Read 9 rows from geography summary M:\urban_modeling\baus\PBA50Plus\PBA50Plus_DraftBlueprint\PBA50Plus_Draft_Blueprint_v8_znupd_nodevfix\geographic_summaries\PBA50Plus_Draft_Blueprint_v8_znupd_nodevfix_county_summary_2050.csv
02/26/2026 03:11:07 PM - INFO -   Read 1,454 rows from taz summary M:\urban_modeling\baus\PBA50Plus\PBA50Plus_DraftBlueprint\PBA50Plus_Draft_Blueprint_v8_znupd_nodevfix\travel_model_summaries\PBA50Plus_Draft_Blueprint_v8_znupd_nodevfix_taz1_summary_2050.csv
02/26/2026 03:11:07 PM - INFO -   Read 1,454 rows from taz interim summary M:\urban_modeling\baus\PBA50Plus\PBA50Plus_DraftBlueprint\PBA50Plus_Draft_Blueprint_v8_znupd_nodevfix\core_summaries\PBA50Plus_Draft_Blueprint_v8_znupd_nodevfix_interim_zone_output_2050.csv
02/26/2026 03:11:08 PM - INFO - Calculating growth_patterns_geography
02/26/2026 03:11:17 PM - INFO - Appended 34 lines to metrics_growthPattern_geographies_2050.csv
02/26/2026 03:11:17 PM - INFO - Calculating growth_patterns_county_jurisdiction
02/26/2026 03:11:17 PM - INFO - Appended 18 lines to metrics_growthPattern_county_2050.csv
02/26/2026 03:11:18 PM - INFO - Appended 218 lines to metrics_growthPattern_jurisdiction_2050.csv
02/26/2026 03:11:18 PM - INFO - Appended 68 lines to metrics_growthPattern_superdistrict_2050.csv
02/26/2026 03:11:18 PM - INFO - Calculating office space summaries - from zone level data
02/26/2026 03:11:18 PM - INFO -   Summarizing for 2023 county
02/26/2026 03:11:18 PM - INFO -   Summarizing for 2050 county
02/26/2026 03:11:18 PM - INFO - Appended 20 lines to metrics_growthPattern_office_data_interim_county.csv
02/26/2026 03:11:18 PM - INFO -   Summarizing for 2023 superdistrict
02/26/2026 03:11:18 PM - INFO -   Summarizing for 2050 superdistrict
02/26/2026 03:11:18 PM - INFO - Appended 70 lines to metrics_growthPattern_office_data_interim_superdistrict.csv
02/26/2026 03:11:18 PM - INFO - Calculating office space summaries - from building level data
02/26/2026 03:11:18 PM - INFO -   Processing 2023...
02/26/2026 03:11:18 PM - INFO -   Reading buildings_output_summary from M:\urban_modeling\baus\PBA50Plus\PBA50Plus_DraftBlueprint\PBA50Plus_Draft_Blueprint_v8_znupd_nodevfix\core_summaries\PBA50Plus_Draft_Blueprint_v8_znupd_nodevfix_building_summary_2020.csv...
02/26/2026 03:11:53 PM - INFO -   Reading buildings_output_summary from M:\urban_modeling\baus\PBA50Plus\PBA50Plus_DraftBlueprint\PBA50Plus_Draft_Blueprint_v8_znupd_nodevfix\core_summaries\PBA50Plus_Draft_Blueprint_v8_znupd_nodevfix_building_summary_2025.csv...
02/26/2026 03:12:27 PM - INFO -   Interpolating buildings 2020 and 2025 to 2023...
02/26/2026 03:12:29 PM - INFO -   36260 office buildings
02/26/2026 03:12:31 PM - INFO -   Processing HRA...
02/26/2026 03:12:31 PM - INFO -   Processing TRA...
02/26/2026 03:12:32 PM - INFO -   Processing HRAandTRA...
02/26/2026 03:12:32 PM - INFO -   Processing GG...
02/26/2026 03:12:32 PM - INFO -   Processing nonGG...
02/26/2026 03:12:33 PM - INFO -   Processing PBA50GG...
02/26/2026 03:12:33 PM - INFO -   Processing PBA50nonGG...
02/26/2026 03:12:34 PM - INFO -   Processing GG_nonPDA...
02/26/2026 03:12:34 PM - INFO -   Processing PDA...
02/26/2026 03:12:35 PM - INFO -   Processing EPC_18...
02/26/2026 03:12:35 PM - INFO -   Processing nonEPC_18...
02/26/2026 03:12:35 PM - INFO -   Processing EPC_22...
02/26/2026 03:12:35 PM - INFO -   Processing nonEPC_22...
02/26/2026 03:12:36 PM - INFO -   Processing PPA...
02/26/2026 03:12:36 PM - INFO -   Processing Region...
02/26/2026 03:12:36 PM - INFO -   Processing TOC...
02/26/2026 03:12:36 PM - INFO -   Processing nonTOC...
02/26/2026 03:12:38 PM - INFO -   Processing 2050...
02/26/2026 03:12:38 PM - INFO -   Reading buildings_output_summary from M:\urban_modeling\baus\PBA50Plus\PBA50Plus_DraftBlueprint\PBA50Plus_Draft_Blueprint_v8_znupd_nodevfix\core_summaries\PBA50Plus_Draft_Blueprint_v8_znupd_nodevfix_building_summary_2050.csv...
02/26/2026 03:13:09 PM - INFO -   33813 office buildings
02/26/2026 03:13:09 PM - INFO -   Processing HRA...
02/26/2026 03:13:10 PM - INFO -   Processing TRA...
02/26/2026 03:13:10 PM - INFO -   Processing HRAandTRA...
02/26/2026 03:13:10 PM - INFO -   Processing GG...
02/26/2026 03:13:10 PM - INFO -   Processing nonGG...
02/26/2026 03:13:11 PM - INFO -   Processing PBA50GG...
02/26/2026 03:13:11 PM - INFO -   Processing PBA50nonGG...
02/26/2026 03:13:12 PM - INFO -   Processing GG_nonPDA...
02/26/2026 03:13:12 PM - INFO -   Processing PDA...
02/26/2026 03:13:12 PM - INFO -   Processing EPC_18...
02/26/2026 03:13:13 PM - INFO -   Processing nonEPC_18...
02/26/2026 03:13:13 PM - INFO -   Processing EPC_22...
02/26/2026 03:13:13 PM - INFO -   Processing nonEPC_22...
02/26/2026 03:13:14 PM - INFO -   Processing PPA...
02/26/2026 03:13:14 PM - INFO -   Processing Region...
02/26/2026 03:13:14 PM - INFO -   Processing TOC...
02/26/2026 03:13:14 PM - INFO -   Processing nonTOC...
02/26/2026 03:13:15 PM - INFO - Appended 92 lines to metrics_growthPattern_office_data_buildings_cnty_sd.csv
02/26/2026 03:13:15 PM - INFO - Appended 34 lines to metrics_growthPattern_office_data_buildings_misc_geos.csv
02/26/2026 03:13:15 PM - INFO - Processing run modelrun_alias:[Final Blueprint] modelrun_id:[PBA50Plus_FinalBlueprint/PBA50Plus_Final_Blueprint_v65] run_directory_path:M:\urban_modeling\baus\PBA50Plus\PBA50Plus_FinalBlueprint\PBA50Plus_Final_Blueprint_v65
02/26/2026 03:13:15 PM - INFO - Skipping 2020 and 2025 data because we're reusing the No Project base year data
02/26/2026 03:14:22 PM - INFO -   Read 1,956,212 rows from parcel file M:\urban_modeling\baus\PBA50Plus\PBA50Plus_FinalBlueprint\PBA50Plus_Final_Blueprint_v65\core_summaries\PBA50Plus_Final_Blueprint_v65_parcel_summary_2050.csv
02/26/2026 03:15:03 PM - INFO -   Read 9 rows from geography summary M:\urban_modeling\baus\PBA50Plus\PBA50Plus_FinalBlueprint\PBA50Plus_Final_Blueprint_v65\geographic_summaries\PBA50Plus_Final_Blueprint_v65_county_summary_2050.csv
02/26/2026 03:15:03 PM - INFO -   Read 1,454 rows from taz summary M:\urban_modeling\baus\PBA50Plus\PBA50Plus_FinalBlueprint\PBA50Plus_Final_Blueprint_v65\travel_model_summaries\PBA50Plus_Final_Blueprint_v65_taz1_summary_2050.csv
02/26/2026 03:15:04 PM - INFO -   Read 1,454 rows from taz interim summary M:\urban_modeling\baus\PBA50Plus\PBA50Plus_FinalBlueprint\PBA50Plus_Final_Blueprint_v65\core_summaries\PBA50Plus_Final_Blueprint_v65_interim_zone_output_2050.csv
02/26/2026 03:15:05 PM - INFO - Calculating growth_patterns_geography
02/26/2026 03:15:15 PM - INFO - Appended 34 lines to metrics_growthPattern_geographies_2050.csv
02/26/2026 03:15:15 PM - INFO - Calculating growth_patterns_county_jurisdiction
02/26/2026 03:15:15 PM - INFO - Appended 18 lines to metrics_growthPattern_county_2050.csv
02/26/2026 03:15:17 PM - INFO - Appended 218 lines to metrics_growthPattern_jurisdiction_2050.csv
02/26/2026 03:15:17 PM - INFO - Appended 68 lines to metrics_growthPattern_superdistrict_2050.csv
02/26/2026 03:15:17 PM - INFO - Calculating office space summaries - from zone level data
02/26/2026 03:15:17 PM - INFO -   Summarizing for 2023 county
02/26/2026 03:15:17 PM - INFO -   Summarizing for 2050 county
02/26/2026 03:15:17 PM - INFO - Appended 20 lines to metrics_growthPattern_office_data_interim_county.csv
02/26/2026 03:15:17 PM - INFO -   Summarizing for 2023 superdistrict
02/26/2026 03:15:17 PM - INFO -   Summarizing for 2050 superdistrict
02/26/2026 03:15:17 PM - INFO - Appended 70 lines to metrics_growthPattern_office_data_interim_superdistrict.csv
02/26/2026 03:15:17 PM - INFO - Calculating office space summaries - from building level data
02/26/2026 03:15:17 PM - INFO -   Processing 2023...
02/26/2026 03:15:17 PM - INFO -   Reading buildings_output_summary from M:\urban_modeling\baus\PBA50Plus\PBA50Plus_FinalBlueprint\PBA50Plus_Final_Blueprint_v65\core_summaries\PBA50Plus_Final_Blueprint_v65_building_summary_2020.csv...
02/26/2026 03:15:49 PM - INFO -   Reading buildings_output_summary from M:\urban_modeling\baus\PBA50Plus\PBA50Plus_FinalBlueprint\PBA50Plus_Final_Blueprint_v65\core_summaries\PBA50Plus_Final_Blueprint_v65_building_summary_2025.csv...
02/26/2026 03:16:26 PM - INFO -   Interpolating buildings 2020 and 2025 to 2023...
02/26/2026 03:16:29 PM - INFO -   36249 office buildings
02/26/2026 03:16:30 PM - INFO -   Processing HRA...
02/26/2026 03:16:31 PM - INFO -   Processing TRA...
02/26/2026 03:16:31 PM - INFO -   Processing HRAandTRA...
02/26/2026 03:16:31 PM - INFO -   Processing GG...
02/26/2026 03:16:32 PM - INFO -   Processing nonGG...
02/26/2026 03:16:33 PM - INFO -   Processing PBA50GG...
02/26/2026 03:16:33 PM - INFO -   Processing PBA50nonGG...
02/26/2026 03:16:34 PM - INFO -   Processing GG_nonPDA...
02/26/2026 03:16:35 PM - INFO -   Processing PDA...
02/26/2026 03:16:35 PM - INFO -   Processing EPC_18...
02/26/2026 03:16:35 PM - INFO -   Processing nonEPC_18...
02/26/2026 03:16:36 PM - INFO -   Processing EPC_22...
02/26/2026 03:16:36 PM - INFO -   Processing nonEPC_22...
02/26/2026 03:16:37 PM - INFO -   Processing PPA...
02/26/2026 03:16:37 PM - INFO -   Processing Region...
02/26/2026 03:16:37 PM - INFO -   Processing TOC...
02/26/2026 03:16:38 PM - INFO -   Processing nonTOC...
02/26/2026 03:16:39 PM - INFO -   Processing 2050...
02/26/2026 03:16:39 PM - INFO -   Reading buildings_output_summary from M:\urban_modeling\baus\PBA50Plus\PBA50Plus_FinalBlueprint\PBA50Plus_Final_Blueprint_v65\core_summaries\PBA50Plus_Final_Blueprint_v65_building_summary_2050.csv...
02/26/2026 03:17:16 PM - INFO -   32989 office buildings
02/26/2026 03:17:17 PM - INFO -   Processing HRA...
02/26/2026 03:17:18 PM - INFO -   Processing TRA...
02/26/2026 03:17:18 PM - INFO -   Processing HRAandTRA...
02/26/2026 03:17:18 PM - INFO -   Processing GG...
02/26/2026 03:17:19 PM - INFO -   Processing nonGG...
02/26/2026 03:17:19 PM - INFO -   Processing PBA50GG...
02/26/2026 03:17:20 PM - INFO -   Processing PBA50nonGG...
02/26/2026 03:17:20 PM - INFO -   Processing GG_nonPDA...
02/26/2026 03:17:21 PM - INFO -   Processing PDA...
02/26/2026 03:17:21 PM - INFO -   Processing EPC_18...
02/26/2026 03:17:21 PM - INFO -   Processing nonEPC_18...
02/26/2026 03:17:21 PM - INFO -   Processing EPC_22...
02/26/2026 03:17:22 PM - INFO -   Processing nonEPC_22...
02/26/2026 03:17:22 PM - INFO -   Processing PPA...
02/26/2026 03:17:22 PM - INFO -   Processing Region...
02/26/2026 03:17:22 PM - INFO -   Processing TOC...
02/26/2026 03:17:23 PM - INFO -   Processing nonTOC...
02/26/2026 03:17:24 PM - INFO - Appended 92 lines to metrics_growthPattern_office_data_buildings_cnty_sd.csv
02/26/2026 03:17:24 PM - INFO - Appended 34 lines to metrics_growthPattern_office_data_buildings_misc_geos.csv
02/26/2026 03:17:24 PM - INFO - Processing run modelrun_alias:[Final Blueprint] modelrun_id:[PBA50Plus_FinalBlueprint/PBA50Plus_Final_Blueprint_v65_exog_p92] run_directory_path:M:\urban_modeling\baus\PBA50Plus\PBA50Plus_FinalBlueprint\PBA50Plus_Final_Blueprint_v65_exog_p92
02/26/2026 03:17:24 PM - INFO - Skipping 2020 and 2025 data because we're reusing the No Project base year data
02/26/2026 03:18:44 PM - INFO -   Read 1,956,212 rows from parcel file M:\urban_modeling\baus\PBA50Plus\PBA50Plus_FinalBlueprint\PBA50Plus_Final_Blueprint_v65_exog_p92\core_summaries\PBA50Plus_Final_Blueprint_v65_exog_p92_parcel_summary_2050.csv
02/26/2026 03:19:19 PM - INFO -   Read 9 rows from geography summary M:\urban_modeling\baus\PBA50Plus\PBA50Plus_FinalBlueprint\PBA50Plus_Final_Blueprint_v65_exog_p92\geographic_summaries\PBA50Plus_Final_Blueprint_v65_exog_p92_county_summary_2050.csv
02/26/2026 03:19:19 PM - INFO -   Read 1,454 rows from taz summary M:\urban_modeling\baus\PBA50Plus\PBA50Plus_FinalBlueprint\PBA50Plus_Final_Blueprint_v65_exog_p92\travel_model_summaries\PBA50Plus_Final_Blueprint_v65_exog_p92_taz1_summary_2050.csv
02/26/2026 03:19:20 PM - INFO -   Read 1,454 rows from taz interim summary M:\urban_modeling\baus\PBA50Plus\PBA50Plus_FinalBlueprint\PBA50Plus_Final_Blueprint_v65_exog_p92\core_summaries\PBA50Plus_Final_Blueprint_v65_exog_p92_interim_zone_output_2050.csv
02/26/2026 03:19:20 PM - INFO - Calculating growth_patterns_geography
02/26/2026 03:19:30 PM - INFO - Appended 34 lines to metrics_growthPattern_geographies_2050.csv
02/26/2026 03:19:30 PM - INFO - Calculating growth_patterns_county_jurisdiction
02/26/2026 03:19:30 PM - INFO - Appended 18 lines to metrics_growthPattern_county_2050.csv
02/26/2026 03:19:31 PM - INFO - Appended 218 lines to metrics_growthPattern_jurisdiction_2050.csv
02/26/2026 03:19:31 PM - INFO - Appended 68 lines to metrics_growthPattern_superdistrict_2050.csv
02/26/2026 03:19:31 PM - INFO - Calculating office space summaries - from zone level data
02/26/2026 03:19:31 PM - INFO -   Summarizing for 2023 county
02/26/2026 03:19:31 PM - INFO -   Summarizing for 2050 county
02/26/2026 03:19:31 PM - INFO - Appended 20 lines to metrics_growthPattern_office_data_interim_county.csv
02/26/2026 03:19:31 PM - INFO -   Summarizing for 2023 superdistrict
02/26/2026 03:19:31 PM - INFO -   Summarizing for 2050 superdistrict
02/26/2026 03:19:31 PM - INFO - Appended 70 lines to metrics_growthPattern_office_data_interim_superdistrict.csv
02/26/2026 03:19:31 PM - INFO - Calculating office space summaries - from building level data
02/26/2026 03:19:31 PM - INFO -   Processing 2023...
02/26/2026 03:19:31 PM - INFO -   Reading buildings_output_summary from M:\urban_modeling\baus\PBA50Plus\PBA50Plus_FinalBlueprint\PBA50Plus_Final_Blueprint_v65_exog_p92\core_summaries\PBA50Plus_Final_Blueprint_v65_exog_p92_building_summary_2020.csv...
02/26/2026 03:20:06 PM - INFO -   Reading buildings_output_summary from M:\urban_modeling\baus\PBA50Plus\PBA50Plus_FinalBlueprint\PBA50Plus_Final_Blueprint_v65_exog_p92\core_summaries\PBA50Plus_Final_Blueprint_v65_exog_p92_building_summary_2025.csv...
02/26/2026 03:20:39 PM - INFO -   Interpolating buildings 2020 and 2025 to 2023...
02/26/2026 03:20:42 PM - INFO -   36249 office buildings
02/26/2026 03:20:43 PM - INFO -   Processing HRA...
02/26/2026 03:20:44 PM - INFO -   Processing TRA...
02/26/2026 03:20:44 PM - INFO -   Processing HRAandTRA...
02/26/2026 03:20:44 PM - INFO -   Processing GG...
02/26/2026 03:20:44 PM - INFO -   Processing nonGG...
02/26/2026 03:20:45 PM - INFO -   Processing PBA50GG...
02/26/2026 03:20:45 PM - INFO -   Processing PBA50nonGG...
02/26/2026 03:20:46 PM - INFO -   Processing GG_nonPDA...
02/26/2026 03:20:46 PM - INFO -   Processing PDA...
02/26/2026 03:20:46 PM - INFO -   Processing EPC_18...
02/26/2026 03:20:47 PM - INFO -   Processing nonEPC_18...
02/26/2026 03:20:47 PM - INFO -   Processing EPC_22...
02/26/2026 03:20:47 PM - INFO -   Processing nonEPC_22...
02/26/2026 03:20:48 PM - INFO -   Processing PPA...
02/26/2026 03:20:48 PM - INFO -   Processing Region...
02/26/2026 03:20:48 PM - INFO -   Processing TOC...
02/26/2026 03:20:48 PM - INFO -   Processing nonTOC...
02/26/2026 03:20:49 PM - INFO -   Processing 2050...
02/26/2026 03:20:49 PM - INFO -   Reading buildings_output_summary from M:\urban_modeling\baus\PBA50Plus\PBA50Plus_FinalBlueprint\PBA50Plus_Final_Blueprint_v65_exog_p92\core_summaries\PBA50Plus_Final_Blueprint_v65_exog_p92_building_summary_2050.csv...
02/26/2026 03:21:19 PM - INFO -   32972 office buildings
02/26/2026 03:21:20 PM - INFO -   Processing HRA...
02/26/2026 03:21:21 PM - INFO -   Processing TRA...
02/26/2026 03:21:21 PM - INFO -   Processing HRAandTRA...
02/26/2026 03:21:21 PM - INFO -   Processing GG...
02/26/2026 03:21:21 PM - INFO -   Processing nonGG...
02/26/2026 03:21:22 PM - INFO -   Processing PBA50GG...
02/26/2026 03:21:22 PM - INFO -   Processing PBA50nonGG...
02/26/2026 03:21:23 PM - INFO -   Processing GG_nonPDA...
02/26/2026 03:21:23 PM - INFO -   Processing PDA...
02/26/2026 03:21:23 PM - INFO -   Processing EPC_18...
02/26/2026 03:21:24 PM - INFO -   Processing nonEPC_18...
02/26/2026 03:21:24 PM - INFO -   Processing EPC_22...
02/26/2026 03:21:24 PM - INFO -   Processing nonEPC_22...
02/26/2026 03:21:25 PM - INFO -   Processing PPA...
02/26/2026 03:21:25 PM - INFO -   Processing Region...
02/26/2026 03:21:25 PM - INFO -   Processing TOC...
02/26/2026 03:21:25 PM - INFO -   Processing nonTOC...
02/26/2026 03:21:26 PM - INFO - Appended 92 lines to metrics_growthPattern_office_data_buildings_cnty_sd.csv
02/26/2026 03:21:26 PM - INFO - Appended 34 lines to metrics_growthPattern_office_data_buildings_misc_geos.csv
02/26/2026 03:21:26 PM - INFO - Processing run modelrun_alias:[Final Blueprint] modelrun_id:[PBA50Plus_FinalBlueprint/PBA50Plus_Final_Blueprint_v69] run_directory_path:M:\urban_modeling\baus\PBA50Plus\PBA50Plus_FinalBlueprint\PBA50Plus_Final_Blueprint_v69
02/26/2026 03:21:26 PM - INFO - Skipping 2020 and 2025 data because we're reusing the No Project base year data
02/26/2026 03:22:39 PM - INFO -   Read 1,956,212 rows from parcel file M:\urban_modeling\baus\PBA50Plus\PBA50Plus_FinalBlueprint\PBA50Plus_Final_Blueprint_v69\core_summaries\PBA50Plus_Final_Blueprint_v69_parcel_summary_2050.csv
02/26/2026 03:23:14 PM - INFO -   Read 9 rows from geography summary M:\urban_modeling\baus\PBA50Plus\PBA50Plus_FinalBlueprint\PBA50Plus_Final_Blueprint_v69\geographic_summaries\PBA50Plus_Final_Blueprint_v69_county_summary_2050.csv
02/26/2026 03:23:14 PM - INFO -   Read 1,454 rows from taz summary M:\urban_modeling\baus\PBA50Plus\PBA50Plus_FinalBlueprint\PBA50Plus_Final_Blueprint_v69\travel_model_summaries\PBA50Plus_Final_Blueprint_v69_taz1_summary_2050.csv
02/26/2026 03:23:15 PM - INFO -   Read 1,454 rows from taz interim summary M:\urban_modeling\baus\PBA50Plus\PBA50Plus_FinalBlueprint\PBA50Plus_Final_Blueprint_v69\core_summaries\PBA50Plus_Final_Blueprint_v69_interim_zone_output_2050.csv
02/26/2026 03:23:15 PM - INFO - Calculating growth_patterns_geography
02/26/2026 03:23:24 PM - INFO - Appended 34 lines to metrics_growthPattern_geographies_2050.csv
02/26/2026 03:23:25 PM - INFO - Calculating growth_patterns_county_jurisdiction
02/26/2026 03:23:25 PM - INFO - Appended 18 lines to metrics_growthPattern_county_2050.csv
02/26/2026 03:23:26 PM - INFO - Appended 218 lines to metrics_growthPattern_jurisdiction_2050.csv
02/26/2026 03:23:26 PM - INFO - Appended 68 lines to metrics_growthPattern_superdistrict_2050.csv
02/26/2026 03:23:26 PM - INFO - Calculating office space summaries - from zone level data
02/26/2026 03:23:26 PM - INFO -   Summarizing for 2023 county
02/26/2026 03:23:26 PM - INFO -   Summarizing for 2050 county
02/26/2026 03:23:26 PM - INFO - Appended 20 lines to metrics_growthPattern_office_data_interim_county.csv
02/26/2026 03:23:26 PM - INFO -   Summarizing for 2023 superdistrict
02/26/2026 03:23:26 PM - INFO -   Summarizing for 2050 superdistrict
02/26/2026 03:23:26 PM - INFO - Appended 70 lines to metrics_growthPattern_office_data_interim_superdistrict.csv
02/26/2026 03:23:26 PM - INFO - Calculating office space summaries - from building level data
02/26/2026 03:23:26 PM - INFO -   Processing 2023...
02/26/2026 03:23:26 PM - INFO -   Reading buildings_output_summary from M:\urban_modeling\baus\PBA50Plus\PBA50Plus_FinalBlueprint\PBA50Plus_Final_Blueprint_v69\core_summaries\PBA50Plus_Final_Blueprint_v69_building_summary_2020.csv...
02/26/2026 03:24:02 PM - INFO -   Reading buildings_output_summary from M:\urban_modeling\baus\PBA50Plus\PBA50Plus_FinalBlueprint\PBA50Plus_Final_Blueprint_v69\core_summaries\PBA50Plus_Final_Blueprint_v69_building_summary_2025.csv...
02/26/2026 03:24:29 PM - INFO -   Interpolating buildings 2020 and 2025 to 2023...
02/26/2026 03:24:31 PM - INFO -   36249 office buildings
02/26/2026 03:24:33 PM - INFO -   Processing HRA...
02/26/2026 03:24:33 PM - INFO -   Processing TRA...
02/26/2026 03:24:33 PM - INFO -   Processing HRAandTRA...
02/26/2026 03:24:34 PM - INFO -   Processing GG...
02/26/2026 03:24:34 PM - INFO -   Processing nonGG...
02/26/2026 03:24:34 PM - INFO -   Processing PBA50GG...
02/26/2026 03:24:35 PM - INFO -   Processing PBA50nonGG...
02/26/2026 03:24:35 PM - INFO -   Processing GG_nonPDA...
02/26/2026 03:24:35 PM - INFO -   Processing PDA...
02/26/2026 03:24:36 PM - INFO -   Processing EPC_18...
02/26/2026 03:24:36 PM - INFO -   Processing nonEPC_18...
02/26/2026 03:24:36 PM - INFO -   Processing EPC_22...
02/26/2026 03:24:37 PM - INFO -   Processing nonEPC_22...
02/26/2026 03:24:37 PM - INFO -   Processing PPA...
02/26/2026 03:24:37 PM - INFO -   Processing Region...
02/26/2026 03:24:37 PM - INFO -   Processing TOC...
02/26/2026 03:24:38 PM - INFO -   Processing nonTOC...
02/26/2026 03:24:39 PM - INFO -   Processing 2050...
02/26/2026 03:24:39 PM - INFO -   Reading buildings_output_summary from M:\urban_modeling\baus\PBA50Plus\PBA50Plus_FinalBlueprint\PBA50Plus_Final_Blueprint_v69\core_summaries\PBA50Plus_Final_Blueprint_v69_building_summary_2050.csv...
02/26/2026 03:25:07 PM - INFO -   35675 office buildings
02/26/2026 03:25:08 PM - INFO -   Processing HRA...
02/26/2026 03:25:08 PM - INFO -   Processing TRA...
02/26/2026 03:25:08 PM - INFO -   Processing HRAandTRA...
02/26/2026 03:25:09 PM - INFO -   Processing GG...
02/26/2026 03:25:09 PM - INFO -   Processing nonGG...
02/26/2026 03:25:09 PM - INFO -   Processing PBA50GG...
02/26/2026 03:25:10 PM - INFO -   Processing PBA50nonGG...
02/26/2026 03:25:10 PM - INFO -   Processing GG_nonPDA...
02/26/2026 03:25:11 PM - INFO -   Processing PDA...
02/26/2026 03:25:11 PM - INFO -   Processing EPC_18...
02/26/2026 03:25:11 PM - INFO -   Processing nonEPC_18...
02/26/2026 03:25:11 PM - INFO -   Processing EPC_22...
02/26/2026 03:25:12 PM - INFO -   Processing nonEPC_22...
02/26/2026 03:25:12 PM - INFO -   Processing PPA...
02/26/2026 03:25:12 PM - INFO -   Processing Region...
02/26/2026 03:25:12 PM - INFO -   Processing TOC...
02/26/2026 03:25:13 PM - INFO -   Processing nonTOC...
02/26/2026 03:25:14 PM - INFO - Appended 92 lines to metrics_growthPattern_office_data_buildings_cnty_sd.csv
02/26/2026 03:25:14 PM - INFO - Appended 34 lines to metrics_growthPattern_office_data_buildings_misc_geos.csv
02/26/2026 03:25:14 PM - INFO - Processing run modelrun_alias:[Final Blueprint] modelrun_id:[PBA50Plus_FinalBlueprint/PBA50Plus_Final_Blueprint_v69_no_ubi] run_directory_path:M:\urban_modeling\baus\PBA50Plus\PBA50Plus_FinalBlueprint\PBA50Plus_Final_Blueprint_v69_no_ubi
02/26/2026 03:25:14 PM - INFO - Skipping 2020 and 2025 data because we're reusing the No Project base year data
02/26/2026 03:26:22 PM - INFO -   Read 1,956,212 rows from parcel file M:\urban_modeling\baus\PBA50Plus\PBA50Plus_FinalBlueprint\PBA50Plus_Final_Blueprint_v69_no_ubi\core_summaries\PBA50Plus_Final_Blueprint_v69_no_ubi_parcel_summary_2050.csv
02/26/2026 03:27:00 PM - INFO -   Read 9 rows from geography summary M:\urban_modeling\baus\PBA50Plus\PBA50Plus_FinalBlueprint\PBA50Plus_Final_Blueprint_v69_no_ubi\geographic_summaries\PBA50Plus_Final_Blueprint_v69_no_ubi_county_summary_2050.csv
02/26/2026 03:27:00 PM - INFO -   Read 1,454 rows from taz summary M:\urban_modeling\baus\PBA50Plus\PBA50Plus_FinalBlueprint\PBA50Plus_Final_Blueprint_v69_no_ubi\travel_model_summaries\PBA50Plus_Final_Blueprint_v69_no_ubi_taz1_summary_2050.csv
02/26/2026 03:27:00 PM - INFO -   Read 1,454 rows from taz interim summary M:\urban_modeling\baus\PBA50Plus\PBA50Plus_FinalBlueprint\PBA50Plus_Final_Blueprint_v69_no_ubi\core_summaries\PBA50Plus_Final_Blueprint_v69_no_ubi_interim_zone_output_2050.csv
02/26/2026 03:27:01 PM - INFO - Calculating growth_patterns_geography
02/26/2026 03:27:11 PM - INFO - Appended 34 lines to metrics_growthPattern_geographies_2050.csv
02/26/2026 03:27:11 PM - INFO - Calculating growth_patterns_county_jurisdiction
02/26/2026 03:27:11 PM - INFO - Appended 18 lines to metrics_growthPattern_county_2050.csv
02/26/2026 03:27:12 PM - INFO - Appended 218 lines to metrics_growthPattern_jurisdiction_2050.csv
02/26/2026 03:27:12 PM - INFO - Appended 68 lines to metrics_growthPattern_superdistrict_2050.csv
02/26/2026 03:27:12 PM - INFO - Calculating office space summaries - from zone level data
02/26/2026 03:27:12 PM - INFO -   Summarizing for 2023 county
02/26/2026 03:27:12 PM - INFO -   Summarizing for 2050 county
02/26/2026 03:27:12 PM - INFO - Appended 20 lines to metrics_growthPattern_office_data_interim_county.csv
02/26/2026 03:27:12 PM - INFO -   Summarizing for 2023 superdistrict
02/26/2026 03:27:12 PM - INFO -   Summarizing for 2050 superdistrict
02/26/2026 03:27:12 PM - INFO - Appended 70 lines to metrics_growthPattern_office_data_interim_superdistrict.csv
02/26/2026 03:27:12 PM - INFO - Calculating office space summaries - from building level data
02/26/2026 03:27:12 PM - INFO -   Processing 2023...
02/26/2026 03:27:12 PM - INFO -   Reading buildings_output_summary from M:\urban_modeling\baus\PBA50Plus\PBA50Plus_FinalBlueprint\PBA50Plus_Final_Blueprint_v69_no_ubi\core_summaries\PBA50Plus_Final_Blueprint_v69_no_ubi_building_summary_2020.csv...
02/26/2026 03:27:44 PM - INFO -   Reading buildings_output_summary from M:\urban_modeling\baus\PBA50Plus\PBA50Plus_FinalBlueprint\PBA50Plus_Final_Blueprint_v69_no_ubi\core_summaries\PBA50Plus_Final_Blueprint_v69_no_ubi_building_summary_2025.csv...
02/26/2026 03:28:15 PM - INFO -   Interpolating buildings 2020 and 2025 to 2023...
02/26/2026 03:28:18 PM - INFO -   36246 office buildings
02/26/2026 03:28:19 PM - INFO -   Processing HRA...
02/26/2026 03:28:20 PM - INFO -   Processing TRA...
02/26/2026 03:28:20 PM - INFO -   Processing HRAandTRA...
02/26/2026 03:28:20 PM - INFO -   Processing GG...
02/26/2026 03:28:21 PM - INFO -   Processing nonGG...
02/26/2026 03:28:21 PM - INFO -   Processing PBA50GG...
02/26/2026 03:28:21 PM - INFO -   Processing PBA50nonGG...
02/26/2026 03:28:22 PM - INFO -   Processing GG_nonPDA...
02/26/2026 03:28:22 PM - INFO -   Processing PDA...
02/26/2026 03:28:22 PM - INFO -   Processing EPC_18...
02/26/2026 03:28:23 PM - INFO -   Processing nonEPC_18...
02/26/2026 03:28:23 PM - INFO -   Processing EPC_22...
02/26/2026 03:28:23 PM - INFO -   Processing nonEPC_22...
02/26/2026 03:28:24 PM - INFO -   Processing PPA...
02/26/2026 03:28:24 PM - INFO -   Processing Region...
02/26/2026 03:28:24 PM - INFO -   Processing TOC...
02/26/2026 03:28:24 PM - INFO -   Processing nonTOC...
02/26/2026 03:28:25 PM - INFO -   Processing 2050...
02/26/2026 03:28:25 PM - INFO -   Reading buildings_output_summary from M:\urban_modeling\baus\PBA50Plus\PBA50Plus_FinalBlueprint\PBA50Plus_Final_Blueprint_v69_no_ubi\core_summaries\PBA50Plus_Final_Blueprint_v69_no_ubi_building_summary_2050.csv...
02/26/2026 03:28:58 PM - INFO -   35669 office buildings
02/26/2026 03:28:58 PM - INFO -   Processing HRA...
02/26/2026 03:28:59 PM - INFO -   Processing TRA...
02/26/2026 03:28:59 PM - INFO -   Processing HRAandTRA...
02/26/2026 03:28:59 PM - INFO -   Processing GG...
02/26/2026 03:29:00 PM - INFO -   Processing nonGG...
02/26/2026 03:29:00 PM - INFO -   Processing PBA50GG...
02/26/2026 03:29:00 PM - INFO -   Processing PBA50nonGG...
02/26/2026 03:29:01 PM - INFO -   Processing GG_nonPDA...
02/26/2026 03:29:01 PM - INFO -   Processing PDA...
02/26/2026 03:29:02 PM - INFO -   Processing EPC_18...
02/26/2026 03:29:02 PM - INFO -   Processing nonEPC_18...
02/26/2026 03:29:02 PM - INFO -   Processing EPC_22...
02/26/2026 03:29:02 PM - INFO -   Processing nonEPC_22...
02/26/2026 03:29:03 PM - INFO -   Processing PPA...
02/26/2026 03:29:03 PM - INFO -   Processing Region...
02/26/2026 03:29:03 PM - INFO -   Processing TOC...
02/26/2026 03:29:03 PM - INFO -   Processing nonTOC...
02/26/2026 03:29:04 PM - INFO - Appended 92 lines to metrics_growthPattern_office_data_buildings_cnty_sd.csv
02/26/2026 03:29:04 PM - INFO - Appended 34 lines to metrics_growthPattern_office_data_buildings_misc_geos.csv
02/26/2026 03:29:04 PM - INFO - Processing run modelrun_alias:[EIR Alt1] modelrun_id:[PBA50Plus_FinalBlueprint/PBA50Plus_Final_Blueprint_v65] run_directory_path:M:\urban_modeling\baus\PBA50Plus\PBA50Plus_FinalBlueprint\PBA50Plus_Final_Blueprint_v65
02/26/2026 03:29:04 PM - INFO - Skipping 2020 and 2025 data because we're reusing the No Project base year data
02/26/2026 03:30:09 PM - INFO -   Read 1,956,212 rows from parcel file M:\urban_modeling\baus\PBA50Plus\PBA50Plus_FinalBlueprint\PBA50Plus_Final_Blueprint_v65\core_summaries\PBA50Plus_Final_Blueprint_v65_parcel_summary_2050.csv
02/26/2026 03:30:47 PM - INFO -   Read 9 rows from geography summary M:\urban_modeling\baus\PBA50Plus\PBA50Plus_FinalBlueprint\PBA50Plus_Final_Blueprint_v65\geographic_summaries\PBA50Plus_Final_Blueprint_v65_county_summary_2050.csv
02/26/2026 03:30:48 PM - INFO -   Read 1,454 rows from taz summary M:\urban_modeling\baus\PBA50Plus\PBA50Plus_FinalBlueprint\PBA50Plus_Final_Blueprint_v65\travel_model_summaries\PBA50Plus_Final_Blueprint_v65_taz1_summary_2050.csv
02/26/2026 03:30:48 PM - INFO -   Read 1,454 rows from taz interim summary M:\urban_modeling\baus\PBA50Plus\PBA50Plus_FinalBlueprint\PBA50Plus_Final_Blueprint_v65\core_summaries\PBA50Plus_Final_Blueprint_v65_interim_zone_output_2050.csv
02/26/2026 03:30:49 PM - INFO - Calculating growth_patterns_geography
02/26/2026 03:31:01 PM - INFO - Appended 34 lines to metrics_growthPattern_geographies_2050.csv
02/26/2026 03:31:01 PM - INFO - Calculating growth_patterns_county_jurisdiction
02/26/2026 03:31:01 PM - INFO - Appended 18 lines to metrics_growthPattern_county_2050.csv
02/26/2026 03:31:02 PM - INFO - Appended 218 lines to metrics_growthPattern_jurisdiction_2050.csv
02/26/2026 03:31:02 PM - INFO - Appended 68 lines to metrics_growthPattern_superdistrict_2050.csv
02/26/2026 03:31:02 PM - INFO - Calculating office space summaries - from zone level data
02/26/2026 03:31:02 PM - INFO -   Summarizing for 2023 county
02/26/2026 03:31:02 PM - INFO -   Summarizing for 2050 county
02/26/2026 03:31:02 PM - INFO - Appended 20 lines to metrics_growthPattern_office_data_interim_county.csv
02/26/2026 03:31:02 PM - INFO -   Summarizing for 2023 superdistrict
02/26/2026 03:31:02 PM - INFO -   Summarizing for 2050 superdistrict
02/26/2026 03:31:02 PM - INFO - Appended 70 lines to metrics_growthPattern_office_data_interim_superdistrict.csv
02/26/2026 03:31:02 PM - INFO - Calculating office space summaries - from building level data
02/26/2026 03:31:02 PM - INFO -   Processing 2023...
02/26/2026 03:31:02 PM - INFO -   Reading buildings_output_summary from M:\urban_modeling\baus\PBA50Plus\PBA50Plus_FinalBlueprint\PBA50Plus_Final_Blueprint_v65\core_summaries\PBA50Plus_Final_Blueprint_v65_building_summary_2020.csv...
02/26/2026 03:31:35 PM - INFO -   Reading buildings_output_summary from M:\urban_modeling\baus\PBA50Plus\PBA50Plus_FinalBlueprint\PBA50Plus_Final_Blueprint_v65\core_summaries\PBA50Plus_Final_Blueprint_v65_building_summary_2025.csv...
02/26/2026 03:32:06 PM - INFO -   Interpolating buildings 2020 and 2025 to 2023...
02/26/2026 03:32:08 PM - INFO -   36249 office buildings
02/26/2026 03:32:10 PM - INFO -   Processing HRA...
02/26/2026 03:32:10 PM - INFO -   Processing TRA...
02/26/2026 03:32:10 PM - INFO -   Processing HRAandTRA...
02/26/2026 03:32:11 PM - INFO -   Processing GG...
02/26/2026 03:32:11 PM - INFO -   Processing nonGG...
02/26/2026 03:32:12 PM - INFO -   Processing PBA50GG...
02/26/2026 03:32:12 PM - INFO -   Processing PBA50nonGG...
02/26/2026 03:32:12 PM - INFO -   Processing GG_nonPDA...
02/26/2026 03:32:13 PM - INFO -   Processing PDA...
02/26/2026 03:32:13 PM - INFO -   Processing EPC_18...
02/26/2026 03:32:13 PM - INFO -   Processing nonEPC_18...
02/26/2026 03:32:14 PM - INFO -   Processing EPC_22...
02/26/2026 03:32:14 PM - INFO -   Processing nonEPC_22...
02/26/2026 03:32:15 PM - INFO -   Processing PPA...
02/26/2026 03:32:15 PM - INFO -   Processing Region...
02/26/2026 03:32:15 PM - INFO -   Processing TOC...
02/26/2026 03:32:15 PM - INFO -   Processing nonTOC...
02/26/2026 03:32:16 PM - INFO -   Processing 2050...
02/26/2026 03:32:16 PM - INFO -   Reading buildings_output_summary from M:\urban_modeling\baus\PBA50Plus\PBA50Plus_FinalBlueprint\PBA50Plus_Final_Blueprint_v65\core_summaries\PBA50Plus_Final_Blueprint_v65_building_summary_2050.csv...
02/26/2026 03:32:50 PM - INFO -   32989 office buildings
02/26/2026 03:32:51 PM - INFO -   Processing HRA...
02/26/2026 03:32:51 PM - INFO -   Processing TRA...
02/26/2026 03:32:52 PM - INFO -   Processing HRAandTRA...
02/26/2026 03:32:52 PM - INFO -   Processing GG...
02/26/2026 03:32:52 PM - INFO -   Processing nonGG...
02/26/2026 03:32:53 PM - INFO -   Processing PBA50GG...
02/26/2026 03:32:53 PM - INFO -   Processing PBA50nonGG...
02/26/2026 03:32:54 PM - INFO -   Processing GG_nonPDA...
02/26/2026 03:32:54 PM - INFO -   Processing PDA...
02/26/2026 03:32:54 PM - INFO -   Processing EPC_18...
02/26/2026 03:32:54 PM - INFO -   Processing nonEPC_18...
02/26/2026 03:32:55 PM - INFO -   Processing EPC_22...
02/26/2026 03:32:55 PM - INFO -   Processing nonEPC_22...
02/26/2026 03:32:56 PM - INFO -   Processing PPA...
02/26/2026 03:32:56 PM - INFO -   Processing Region...
02/26/2026 03:32:56 PM - INFO -   Processing TOC...
02/26/2026 03:32:56 PM - INFO -   Processing nonTOC...
02/26/2026 03:32:57 PM - INFO - Appended 92 lines to metrics_growthPattern_office_data_buildings_cnty_sd.csv
02/26/2026 03:32:57 PM - INFO - Appended 34 lines to metrics_growthPattern_office_data_buildings_misc_geos.csv
02/26/2026 03:32:57 PM - INFO - Processing run modelrun_alias:[EIR Alt2] modelrun_id:[PBA50Plus_EIR/PBA50Plus_EIR_Alt2_Var4_v1] run_directory_path:M:\urban_modeling\baus\PBA50Plus\PBA50Plus_EIR\PBA50Plus_EIR_Alt2_Var4_v1
02/26/2026 03:32:57 PM - INFO - Skipping 2020 and 2025 data because we're reusing the No Project base year data
02/26/2026 03:34:04 PM - INFO -   Read 1,956,212 rows from parcel file M:\urban_modeling\baus\PBA50Plus\PBA50Plus_EIR\PBA50Plus_EIR_Alt2_Var4_v1\core_summaries\PBA50Plus_EIR_Alt2_Var4_v1_parcel_summary_2050.csv
02/26/2026 03:34:41 PM - INFO -   Read 9 rows from geography summary M:\urban_modeling\baus\PBA50Plus\PBA50Plus_EIR\PBA50Plus_EIR_Alt2_Var4_v1\geographic_summaries\PBA50Plus_EIR_Alt2_Var4_v1_county_summary_2050.csv
02/26/2026 03:34:42 PM - INFO -   Read 1,454 rows from taz summary M:\urban_modeling\baus\PBA50Plus\PBA50Plus_EIR\PBA50Plus_EIR_Alt2_Var4_v1\travel_model_summaries\PBA50Plus_EIR_Alt2_Var4_v1_taz1_summary_2050.csv
02/26/2026 03:34:42 PM - INFO -   Read 1,454 rows from taz interim summary M:\urban_modeling\baus\PBA50Plus\PBA50Plus_EIR\PBA50Plus_EIR_Alt2_Var4_v1\core_summaries\PBA50Plus_EIR_Alt2_Var4_v1_interim_zone_output_2050.csv
02/26/2026 03:34:43 PM - INFO - Calculating growth_patterns_geography
02/26/2026 03:34:53 PM - INFO - Appended 34 lines to metrics_growthPattern_geographies_2050.csv
02/26/2026 03:34:53 PM - INFO - Calculating growth_patterns_county_jurisdiction
02/26/2026 03:34:53 PM - INFO - Appended 18 lines to metrics_growthPattern_county_2050.csv
02/26/2026 03:34:55 PM - INFO - Appended 218 lines to metrics_growthPattern_jurisdiction_2050.csv
02/26/2026 03:34:55 PM - INFO - Appended 68 lines to metrics_growthPattern_superdistrict_2050.csv
02/26/2026 03:34:55 PM - INFO - Calculating office space summaries - from zone level data
02/26/2026 03:34:55 PM - INFO -   Summarizing for 2023 county
02/26/2026 03:34:55 PM - INFO -   Summarizing for 2050 county
02/26/2026 03:34:55 PM - INFO - Appended 20 lines to metrics_growthPattern_office_data_interim_county.csv
02/26/2026 03:34:55 PM - INFO -   Summarizing for 2023 superdistrict
02/26/2026 03:34:55 PM - INFO -   Summarizing for 2050 superdistrict
02/26/2026 03:34:55 PM - INFO - Appended 70 lines to metrics_growthPattern_office_data_interim_superdistrict.csv
02/26/2026 03:34:55 PM - INFO - Calculating office space summaries - from building level data
02/26/2026 03:34:55 PM - INFO -   Processing 2023...
02/26/2026 03:34:55 PM - INFO -   Reading buildings_output_summary from M:\urban_modeling\baus\PBA50Plus\PBA50Plus_EIR\PBA50Plus_EIR_Alt2_Var4_v1\core_summaries\PBA50Plus_EIR_Alt2_Var4_v1_building_summary_2020.csv...
02/26/2026 03:35:31 PM - INFO -   Reading buildings_output_summary from M:\urban_modeling\baus\PBA50Plus\PBA50Plus_EIR\PBA50Plus_EIR_Alt2_Var4_v1\core_summaries\PBA50Plus_EIR_Alt2_Var4_v1_building_summary_2025.csv...
02/26/2026 03:36:06 PM - INFO -   Interpolating buildings 2020 and 2025 to 2023...
02/26/2026 03:36:08 PM - INFO -   36254 office buildings
02/26/2026 03:36:10 PM - INFO -   Processing HRA...
02/26/2026 03:36:11 PM - INFO -   Processing TRA...
02/26/2026 03:36:11 PM - INFO -   Processing HRAandTRA...
02/26/2026 03:36:11 PM - INFO -   Processing GG...
02/26/2026 03:36:12 PM - INFO -   Processing nonGG...
02/26/2026 03:36:12 PM - INFO -   Processing PBA50GG...
02/26/2026 03:36:13 PM - INFO -   Processing PBA50nonGG...
02/26/2026 03:36:13 PM - INFO -   Processing GG_nonPDA...
02/26/2026 03:36:14 PM - INFO -   Processing PDA...
02/26/2026 03:36:14 PM - INFO -   Processing EPC_18...
02/26/2026 03:36:14 PM - INFO -   Processing nonEPC_18...
02/26/2026 03:36:15 PM - INFO -   Processing EPC_22...
02/26/2026 03:36:15 PM - INFO -   Processing nonEPC_22...
02/26/2026 03:36:16 PM - INFO -   Processing PPA...
02/26/2026 03:36:16 PM - INFO -   Processing Region...
02/26/2026 03:36:16 PM - INFO -   Processing TOC...
02/26/2026 03:36:16 PM - INFO -   Processing nonTOC...
02/26/2026 03:36:17 PM - INFO -   Processing 2050...
02/26/2026 03:36:17 PM - INFO -   Reading buildings_output_summary from M:\urban_modeling\baus\PBA50Plus\PBA50Plus_EIR\PBA50Plus_EIR_Alt2_Var4_v1\core_summaries\PBA50Plus_EIR_Alt2_Var4_v1_building_summary_2050.csv...
02/26/2026 03:36:48 PM - INFO -   34449 office buildings
02/26/2026 03:36:48 PM - INFO -   Processing HRA...
02/26/2026 03:36:49 PM - INFO -   Processing TRA...
02/26/2026 03:36:49 PM - INFO -   Processing HRAandTRA...
02/26/2026 03:36:49 PM - INFO -   Processing GG...
02/26/2026 03:36:50 PM - INFO -   Processing nonGG...
02/26/2026 03:36:50 PM - INFO -   Processing PBA50GG...
02/26/2026 03:36:51 PM - INFO -   Processing PBA50nonGG...
02/26/2026 03:36:51 PM - INFO -   Processing GG_nonPDA...
02/26/2026 03:36:52 PM - INFO -   Processing PDA...
02/26/2026 03:36:52 PM - INFO -   Processing EPC_18...
02/26/2026 03:36:52 PM - INFO -   Processing nonEPC_18...
02/26/2026 03:36:52 PM - INFO -   Processing EPC_22...
02/26/2026 03:36:53 PM - INFO -   Processing nonEPC_22...
02/26/2026 03:36:53 PM - INFO -   Processing PPA...
02/26/2026 03:36:53 PM - INFO -   Processing Region...
02/26/2026 03:36:53 PM - INFO -   Processing TOC...
02/26/2026 03:36:54 PM - INFO -   Processing nonTOC...
02/26/2026 03:36:55 PM - INFO - Appended 92 lines to metrics_growthPattern_office_data_buildings_cnty_sd.csv
02/26/2026 03:36:55 PM - INFO - Appended 34 lines to metrics_growthPattern_office_data_buildings_misc_geos.csv
